<?xml version="1.0" encoding="UTF-8" ?>
<testsuite tests="2" failures="2" name="TestSuite" time="0.376" errors="0" skipped="0">
  <properties>
    <property name="java.runtime.name" value="Java(TM) SE Runtime Environment"/>
    <property name="sun.boot.library.path" value="/Library/Java/JavaVirtualMachines/jdk1.8.0_201.jdk/Contents/Home/jre/lib"/>
    <property name="java.vm.version" value="25.201-b09"/>
    <property name="org.slf4j.simpleLogger.log.org.apache.maven.cli.transfer.Slf4jMavenTransferListener" value="warn"/>
    <property name="gopherProxySet" value="false"/>
    <property name="java.vm.vendor" value="Oracle Corporation"/>
    <property name="maven.multiModuleProjectDirectory" value="/Users/ridmilokumudali/Documents/EI_HOME/NEW_BRANCH/product-ei/product-scenarios"/>
    <property name="java.vendor.url" value="http://java.oracle.com/"/>
    <property name="path.separator" value=":"/>
    <property name="guice.disable.misplaced.annotation.check" value="true"/>
    <property name="java.vm.name" value="Java HotSpot(TM) 64-Bit Server VM"/>
    <property name="file.encoding.pkg" value="sun.io"/>
    <property name="user.country" value="LK"/>
    <property name="sun.java.launcher" value="SUN_STANDARD"/>
    <property name="sun.os.patch.level" value="unknown"/>
    <property name="java.vm.specification.name" value="Java Virtual Machine Specification"/>
    <property name="user.dir" value="/Users/ridmilokumudali/Documents/EI_HOME/NEW_BRANCH/product-ei/product-scenarios"/>
    <property name="java.runtime.version" value="1.8.0_201-b09"/>
    <property name="java.awt.graphicsenv" value="sun.awt.CGraphicsEnvironment"/>
    <property name="java.endorsed.dirs" value="/Library/Java/JavaVirtualMachines/jdk1.8.0_201.jdk/Contents/Home/jre/lib/endorsed"/>
    <property name="os.arch" value="x86_64"/>
    <property name="java.io.tmpdir" value="/var/folders/9s/g9ymlkpn1377gjzpl5006mgw0000gp/T/"/>
    <property name="line.separator" value="
"/>
    <property name="java.vm.specification.vendor" value="Oracle Corporation"/>
    <property name="os.name" value="Mac OS X"/>
    <property name="classworlds.conf" value="/usr/local/Cellar/maven/3.5.4/libexec/bin/m2.conf"/>
    <property name="sun.jnu.encoding" value="UTF-8"/>
    <property name="java.library.path" value="/Users/ridmilokumudali/Documents/EI_HOME/NEW_BRANCH/product-ei/product-scenarios/Library/Java/Extensions:/Library/Java/Extensions:/Network/Library/Java/Extensions:/System/Library/Java/Extensions:/usr/lib/java:."/>
    <property name="maven.conf" value="/usr/local/Cellar/maven/3.5.4/libexec/conf"/>
    <property name="java.specification.name" value="Java Platform API Specification"/>
    <property name="java.class.version" value="52.0"/>
    <property name="sun.management.compiler" value="HotSpot 64-Bit Tiered Compilers"/>
    <property name="os.version" value="10.13.6"/>
    <property name="library.jansi.path" value="/usr/local/Cellar/maven/3.5.4/libexec/lib/jansi-native"/>
    <property name="http.nonProxyHosts" value="local|*.local|169.254/16|*.169.254/16"/>
    <property name="user.home" value="/Users/ridmilokumudali"/>
    <property name="user.timezone" value="Asia/Colombo"/>
    <property name="java.awt.printerjob" value="sun.lwawt.macosx.CPrinterJob"/>
    <property name="java.specification.version" value="1.8"/>
    <property name="file.encoding" value="UTF-8"/>
    <property name="user.name" value="ridmilokumudali"/>
    <property name="java.class.path" value="/usr/local/Cellar/maven/3.5.4/libexec/boot/plexus-classworlds-2.5.2.jar"/>
    <property name="java.vm.specification.version" value="1.8"/>
    <property name="sun.arch.data.model" value="64"/>
    <property name="java.home" value="/Library/Java/JavaVirtualMachines/jdk1.8.0_201.jdk/Contents/Home/jre"/>
    <property name="sun.java.command" value="org.codehaus.plexus.classworlds.launcher.Launcher clean install -Dorg.slf4j.simpleLogger.log.org.apache.maven.cli.transfer.Slf4jMavenTransferListener=warn -fae -B -f ./pom.xml -P profile_general"/>
    <property name="java.specification.vendor" value="Oracle Corporation"/>
    <property name="user.language" value="en"/>
    <property name="awt.toolkit" value="sun.lwawt.macosx.LWCToolkit"/>
    <property name="java.vm.info" value="mixed mode"/>
    <property name="java.version" value="1.8.0_201"/>
    <property name="java.ext.dirs" value="/Users/ridmilokumudali/Documents/EI_HOME/NEW_BRANCH/product-ei/product-scenarios/Library/Java/Extensions:/Library/Java/JavaVirtualMachines/jdk1.8.0_201.jdk/Contents/Home/jre/lib/ext:/Library/Java/Extensions:/Network/Library/Java/Extensions:/System/Library/Java/Extensions:/usr/lib/java"/>
    <property name="sun.boot.class.path" value="/Library/Java/JavaVirtualMachines/jdk1.8.0_201.jdk/Contents/Home/jre/lib/resources.jar:/Library/Java/JavaVirtualMachines/jdk1.8.0_201.jdk/Contents/Home/jre/lib/rt.jar:/Library/Java/JavaVirtualMachines/jdk1.8.0_201.jdk/Contents/Home/jre/lib/sunrsasign.jar:/Library/Java/JavaVirtualMachines/jdk1.8.0_201.jdk/Contents/Home/jre/lib/jsse.jar:/Library/Java/JavaVirtualMachines/jdk1.8.0_201.jdk/Contents/Home/jre/lib/jce.jar:/Library/Java/JavaVirtualMachines/jdk1.8.0_201.jdk/Contents/Home/jre/lib/charsets.jar:/Library/Java/JavaVirtualMachines/jdk1.8.0_201.jdk/Contents/Home/jre/lib/jfr.jar:/Library/Java/JavaVirtualMachines/jdk1.8.0_201.jdk/Contents/Home/jre/classes"/>
    <property name="java.vendor" value="Oracle Corporation"/>
    <property name="maven.home" value="/usr/local/Cellar/maven/3.5.4/libexec"/>
    <property name="file.separator" value="/"/>
    <property name="java.vendor.url.bug" value="http://bugreport.sun.com/bugreport/"/>
    <property name="sun.cpu.endian" value="little"/>
    <property name="sun.io.unicode.encoding" value="UnicodeBig"/>
    <property name="socksNonProxyHosts" value="local|*.local|169.254/16|*.169.254/16"/>
    <property name="ftp.nonProxyHosts" value="local|*.local|169.254/16|*.169.254/16"/>
    <property name="sun.cpu.isalist" value=""/>
  </properties>
  <testcase classname="org.wso2.carbon.esb.scenario.test.RoutingBasedOnXpathWithFilterMTest" name="testRouteBasedOnXpathWithInvalidCaseName" time="0.122">
    <failure message="Route messages based on given Xpath with valid case name failed expected:&lt;200&gt; but was:&lt;500&gt;" type="java.lang.AssertionError">java.lang.AssertionError: Route messages based on given Xpath with valid case name failed expected:&lt;200&gt; but was:&lt;500&gt;
	at org.testng.Assert.fail(Assert.java:89)
	at org.testng.Assert.failNotEquals(Assert.java:489)
	at org.testng.Assert.assertEquals(Assert.java:118)
	at org.testng.Assert.assertEquals(Assert.java:365)
	at org.wso2.carbon.esb.scenario.test.common.http.HTTPUtils.invokePoxEndpointAndAssert(HTTPUtils.java:232)
	at org.wso2.carbon.esb.scenario.test.RoutingBasedOnXpathWithFilterMTest.testRouteBasedOnXpathWithInvalidCaseName(RoutingBasedOnXpathWithFilterMTest.java:69)
</failure>
    <system-out>WARN  [org.wso2.carbon.esb.scenario.test.common.ScenarioTestBase] - Deployment property file not found: /Users/ridmilokumudali/Documents/EI_HOME/NEW_BRANCH/product-ei/product-scenarios/infrastructure.properties
WARN  [org.wso2.carbon.esb.scenario.test.common.ScenarioTestBase] - Deployment property file not found: /Users/ridmilokumudali/Documents/EI_HOME/NEW_BRANCH/product-ei/product-scenarios/testplan-props.properties
WARN  [org.wso2.carbon.esb.scenario.test.common.ScenarioTestBase] - Deployment property file not found: /Users/ridmilokumudali/Documents/EI_HOME/NEW_BRANCH/product-ei/product-scenarios/infrastructure.properties
WARN  [org.wso2.carbon.esb.scenario.test.common.ScenarioTestBase] - Deployment property file not found: /Users/ridmilokumudali/Documents/EI_HOME/NEW_BRANCH/product-ei/product-scenarios/testplan-props.properties
INFO  [org.wso2.carbon.esb.scenario.test.common.testng.listeners.TestPrepExecutionListener] - Test execution standalone mode : true
WARN  [org.apache.axiom.util.stax.dialect.StAXDialectDetector] - Unable to determine dialect of the StAX implementation at jar:file:/Users/ridmilokumudali/.m2/repository/org/apache/ws/commons/axiom/wso2/axiom/1.2.11.wso2v11/axiom-1.2.11.wso2v11.jar!/
INFO  [org.apache.axis2.deployment.ModuleDeployer] - Deploying module: wso2caching-4.2.0 - file:/Users/ridmilokumudali/.m2/repository/org/wso2/carbon/org.wso2.carbon.caching.core/4.2.0/org.wso2.carbon.caching.core-4.2.0.jar
INFO  [org.wso2.carbon.esb.scenario.test.common.testng.listeners.TestPrepExecutionListener] - Backend URL is set as : localhost
INFO  [org.wso2.carbon.esb.scenario.test.common.AuthenticatorClient] - Login Successful
INFO  [org.apache.axis2.deployment.ModuleDeployer] - Deploying module: wso2caching-4.2.0 - file:/Users/ridmilokumudali/.m2/repository/org/wso2/carbon/org.wso2.carbon.caching.core/4.2.0/org.wso2.carbon.caching.core-4.2.0.jar
INFO  [org.wso2.carbon.esb.scenario.test.common.testng.listeners.TestPrepExecutionListener] - Carbon application : 05-synapseConfigCompositeApplication_1.0.0 already deployed
INFO  [org.wso2.carbon.esb.scenario.test.common.ScenarioTestBase] - Started Executing Scenario TestBase 
INFO  [org.apache.axis2.deployment.ModuleDeployer] - Deploying module: wso2caching-4.2.0 - file:/Users/ridmilokumudali/.m2/repository/org/wso2/carbon/org.wso2.carbon.caching.core/4.2.0/org.wso2.carbon.caching.core-4.2.0.jar
INFO  [org.wso2.carbon.esb.scenario.test.common.ScenarioTestBase] - Backend URL is set as : localhost
INFO  [org.wso2.carbon.esb.scenario.test.common.AuthenticatorClient] - Login Successful
INFO  [org.wso2.carbon.esb.scenario.test.common.ScenarioTestBase] - Service URL: http://localhost:8280/ | Secured Service URL: https://localhost:8243/
INFO  [org.wso2.carbon.esb.scenario.test.common.ScenarioTestBase] - The Backend service URL : https://localhost:9443/services/. session cookie: JSESSIONID=6A684E7AE3665236753D284BB690D6E1; Path=/; Secure; HttpOnly
INFO  [org.wso2.carbon.esb.scenario.test.common.testng.listeners.TestLoggingListener] - =================== Running the test method org.wso2.carbon.esb.scenario.test.RoutingBasedOnXpathWithFilterMTest.testRouteBasedOnXpathWithInvalidCaseName ===================
</system-out>
  </testcase>
  <testcase classname="org.wso2.carbon.esb.scenario.test.RoutingBasedOnXpathWithFilterMTest" name="testRouteBasedOnXpathWithValidCaseName" time="0.254">
    <failure message="Route messages based on given Xpath with valid case name failed expected:&lt;200&gt; but was:&lt;500&gt;" type="java.lang.AssertionError">java.lang.AssertionError: Route messages based on given Xpath with valid case name failed expected:&lt;200&gt; but was:&lt;500&gt;
	at org.testng.Assert.fail(Assert.java:89)
	at org.testng.Assert.failNotEquals(Assert.java:489)
	at org.testng.Assert.assertEquals(Assert.java:118)
	at org.testng.Assert.assertEquals(Assert.java:365)
	at org.wso2.carbon.esb.scenario.test.common.http.HTTPUtils.invokePoxEndpointAndAssert(HTTPUtils.java:232)
	at org.wso2.carbon.esb.scenario.test.RoutingBasedOnXpathWithFilterMTest.testRouteBasedOnXpathWithValidCaseName(RoutingBasedOnXpathWithFilterMTest.java:52)
</failure>
    <system-out>INFO  [org.wso2.carbon.esb.scenario.test.common.testng.listeners.TestLoggingListener] - =================== On test failure org.wso2.carbon.esb.scenario.test.RoutingBasedOnXpathWithFilterMTest.testRouteBasedOnXpathWithInvalidCaseName ===================
INFO  [org.wso2.carbon.esb.scenario.test.common.testng.listeners.TestLoggingListener] - =================== Running the test method org.wso2.carbon.esb.scenario.test.RoutingBasedOnXpathWithFilterMTest.testRouteBasedOnXpathWithValidCaseName ===================
</system-out>
  </testcase>
</testsuite>